# Activity Log

## Run Summary
- 2026-02-27 23:51:29 | run=20260227-234913-76351 | iter=1 | mode=build | story=US-002 | duration=136s | status=success
- 2026-02-27 23:41:40 | run=20260227-233940-75253 | iter=1 | mode=build | story=US-001 | duration=120s | status=success

## Events

[2026-02-27 23:39:41] ITERATION 1 start (mode=build story=US-001)
[2026-02-27 23:40:08] Run 20260227-233940-75253 iter 1: completed initial audit and confirmed scaffold baseline
[2026-02-27 23:40:47] US-001: added lib/tasks.ts with typed Task model and create/update/toggle/delete + validation utilities
[2026-02-27 23:41:12] US-001: verification complete (lint, build, and dev startup check)
[2026-02-27 23:41:34] US-001: appended progress entry to .ralph/progress.md
[2026-02-27 23:41:40] ITERATION 1 end (duration=120s)
[2026-02-27 23:49:14] ITERATION 1 start (mode=build story=US-002)
[2026-02-27 23:49:29] Start US-002: auditing existing task persistence and domain files
[2026-02-27 23:49:58] Implemented US-002 persistence repository: stable storage key with safe load/save and JSON corruption handling
[2026-02-27 23:50:33] Verification complete for US-002: npm run lint, npm run build, and dev server startup check all passed
[2026-02-27 23:51:11] Updated progress log for US-002 with commit and verification details
[2026-02-27 23:51:29] ITERATION 1 end (duration=136s)
[2026-02-27 23:52:23] ITERATION 1 start (mode=build story=US-003)
[2026-02-27 23:52:54] US-003: implementing root todo UI with create/list and validation flows
[2026-02-27 23:53:26] US-003: completed app/page.tsx todo UI implementation (header, form, list, empty state, validation)
[2026-02-27 23:55:41] US-003: verification complete (lint, build, browser checks for empty/create/validation states)
[2026-02-27 23:56:29] US-003: pre-commit security/performance/regression audit completed
